<?xml version="1.0" encoding="UTF-8"?>
<testsuite xmlns:xsi="http://www.w3.org/2001/XMLSchema-instance" xsi:schemaLocation="https://maven.apache.org/surefire/maven-surefire-plugin/xsd/surefire-test-report.xsd" name="runner.TestRunners" time="18.945" tests="21" errors="0" skipped="0" failures="0">
  <properties>
    <property name="java.runtime.name" value="Java(TM) SE Runtime Environment"/>
    <property name="sun.boot.library.path" value="C:\Program Files\Java\jre1.8.0_111\bin"/>
    <property name="java.vm.version" value="25.111-b14"/>
    <property name="user.country.format" value="TR"/>
    <property name="java.vm.vendor" value="Oracle Corporation"/>
    <property name="maven.multiModuleProjectDirectory" value="F:\workworkwork\cucumberSelin"/>
    <property name="java.vendor.url" value="http://java.oracle.com/"/>
    <property name="path.separator" value=";"/>
    <property name="guice.disable.misplaced.annotation.check" value="true"/>
    <property name="java.vm.name" value="Java HotSpot(TM) 64-Bit Server VM"/>
    <property name="file.encoding.pkg" value="sun.io"/>
    <property name="user.script" value=""/>
    <property name="user.country" value="US"/>
    <property name="sun.java.launcher" value="SUN_STANDARD"/>
    <property name="sun.os.patch.level" value="Service Pack 1"/>
    <property name="java.vm.specification.name" value="Java Virtual Machine Specification"/>
    <property name="user.dir" value="F:\workworkwork\cucumberSelin"/>
    <property name="java.runtime.version" value="1.8.0_111-b14"/>
    <property name="java.awt.graphicsenv" value="sun.awt.Win32GraphicsEnvironment"/>
    <property name="java.endorsed.dirs" value="C:\Program Files\Java\jre1.8.0_111\lib\endorsed"/>
    <property name="os.arch" value="amd64"/>
    <property name="java.io.tmpdir" value="C:\Users\z003fc3z\AppData\Local\Temp\"/>
    <property name="line.separator" value="&#10;"/>
    <property name="java.vm.specification.vendor" value="Oracle Corporation"/>
    <property name="user.variant" value=""/>
    <property name="os.name" value="Windows 7"/>
    <property name="classworlds.conf" value="F:\workworkwork\.metadata\.plugins\org.eclipse.m2e.launching\launches\m2conf8776845213753566728.tmp"/>
    <property name="sun.jnu.encoding" value="Cp1252"/>
    <property name="java.library.path" value="C:\Program Files\Java\jre1.8.0_111\bin;C:\WINDOWS\Sun\Java\bin;C:\WINDOWS\system32;C:\WINDOWS;C:/Program Files/Java/jre1.8.0_74/bin/server;C:/Program Files/Java/jre1.8.0_74/bin;C:/Program Files/Java/jre1.8.0_74/lib/amd64;C:\Program Files\Common Files\Siemens\Automation\Simatic OAM\bin;C:\WINDOWS\system32;C:\WINDOWS;C:\WINDOWS\System32\Wbem;C:\WINDOWS\System32\WindowsPowerShell\v1.0\;C:\Program Files\Microsoft SQL Server\120\Tools\Binn\;C:\Program Files (x86)\Microsoft Team Foundation Server 2015 Power Tools\;C:\Tools\apache-maven-3.3.9\bin;C:\Program Files\Java\jre1.8.0_74\bin;C:\Program Files (x86)\Windows Kits\8.1\Windows Performance Toolkit\;C:\Program Files\nodejs\;C:\ProgramData\Oracle\Java\javapath;C:\Program Files (x86)\Java\jre1.8.0_111\bin;C:\Program Files\Git\cmd;C:\Program Files (x86)\Skype\Phone\;C:\Users\z003fc3z\AppData\Roaming\npm;C:\Program Files\nodejs;C:\Users\z003fc3z\AppData\Local\Programs\MiKTeX 2.9\miktex\bin\x64\;C:\eclipse;;."/>
    <property name="java.specification.name" value="Java Platform API Specification"/>
    <property name="java.class.version" value="52.0"/>
    <property name="sun.management.compiler" value="HotSpot 64-Bit Tiered Compilers"/>
    <property name="os.version" value="6.1"/>
    <property name="user.home" value="C:\Users\z003fc3z"/>
    <property name="user.timezone" value="Asia/Istanbul"/>
    <property name="java.awt.printerjob" value="sun.awt.windows.WPrinterJob"/>
    <property name="java.specification.version" value="1.8"/>
    <property name="file.encoding" value="Cp1252"/>
    <property name="user.name" value="z003fc3z"/>
    <property name="java.class.path" value="/C:/eclipse/plugins/org.eclipse.m2e.maven.runtime_1.6.2.20150902-0001/jars/plexus-classworlds-2.5.2.jar"/>
    <property name="java.vm.specification.version" value="1.8"/>
    <property name="sun.arch.data.model" value="64"/>
    <property name="java.home" value="C:\Program Files\Java\jre1.8.0_111"/>
    <property name="sun.java.command" value="org.codehaus.plexus.classworlds.launcher.Launcher -B install"/>
    <property name="java.specification.vendor" value="Oracle Corporation"/>
    <property name="user.language" value="en"/>
    <property name="user.language.format" value="tr"/>
    <property name="awt.toolkit" value="sun.awt.windows.WToolkit"/>
    <property name="java.vm.info" value="mixed mode"/>
    <property name="java.version" value="1.8.0_111"/>
    <property name="java.ext.dirs" value="C:\Program Files\Java\jre1.8.0_111\lib\ext;C:\WINDOWS\Sun\Java\lib\ext"/>
    <property name="sun.boot.class.path" value="C:\Program Files\Java\jre1.8.0_111\lib\resources.jar;C:\Program Files\Java\jre1.8.0_111\lib\rt.jar;C:\Program Files\Java\jre1.8.0_111\lib\sunrsasign.jar;C:\Program Files\Java\jre1.8.0_111\lib\jsse.jar;C:\Program Files\Java\jre1.8.0_111\lib\jce.jar;C:\Program Files\Java\jre1.8.0_111\lib\charsets.jar;C:\Program Files\Java\jre1.8.0_111\lib\jfr.jar;C:\Program Files\Java\jre1.8.0_111\classes"/>
    <property name="java.vendor" value="Oracle Corporation"/>
    <property name="maven.home" value="F:\workworkwork\cucumberSelin\EMBEDDED"/>
    <property name="file.separator" value="\"/>
    <property name="java.vendor.url.bug" value="http://bugreport.sun.com/bugreport/"/>
    <property name="sun.cpu.endian" value="little"/>
    <property name="sun.io.unicode.encoding" value="UnicodeLittle"/>
    <property name="sun.desktop" value="windows"/>
    <property name="sun.cpu.isalist" value="amd64"/>
  </properties>
  <testcase name="Given Open firefox browser" classname="| selintestselin@gmail.com | test0test |" time="0.002"/>
  <testcase name="When I enter valid &quot;selintestselin@gmail.com&quot;" classname="| selintestselin@gmail.com | test0test |" time="0"/>
  <testcase name="And enter valid &quot;test0test&quot;" classname="| selintestselin@gmail.com | test0test |" time="0"/>
  <testcase name="And click login button" classname="| selintestselin@gmail.com | test0test |" time="0"/>
  <testcase name="Then I should be able to login successfully" classname="| selintestselin@gmail.com | test0test |" time="0"/>
  <testcase name="Then Application should be closed" classname="| selintestselin@gmail.com | test0test |" time="0"/>
  <testcase name="| selintestselin@gmail.com | test0test |" classname="| selintestselin@gmail.com | test0test |" time="0"/>
  <testcase name="Given Open firefox browser" classname="| selintestselin@gmail.com | test0test1 |" time="0"/>
  <testcase name="When I enter valid &quot;selintestselin@gmail.com&quot;" classname="| selintestselin@gmail.com | test0test1 |" time="0"/>
  <testcase name="And enter valid &quot;test0test1&quot;" classname="| selintestselin@gmail.com | test0test1 |" time="0"/>
  <testcase name="And click login button" classname="| selintestselin@gmail.com | test0test1 |" time="0"/>
  <testcase name="Then I should be able to login successfully" classname="| selintestselin@gmail.com | test0test1 |" time="0"/>
  <testcase name="Then Application should be closed" classname="| selintestselin@gmail.com | test0test1 |" time="0"/>
  <testcase name="| selintestselin@gmail.com | test0test1 |" classname="| selintestselin@gmail.com | test0test1 |" time="0.001"/>
  <testcase name="Given Open firefox browser" classname="| test@gmail.com | test |" time="0"/>
  <testcase name="When I enter valid &quot;test@gmail.com&quot;" classname="| test@gmail.com | test |" time="0"/>
  <testcase name="And enter valid &quot;test&quot;" classname="| test@gmail.com | test |" time="0"/>
  <testcase name="And click login button" classname="| test@gmail.com | test |" time="0"/>
  <testcase name="Then I should be able to login successfully" classname="| test@gmail.com | test |" time="0"/>
  <testcase name="Then Application should be closed" classname="| test@gmail.com | test |" time="0.001"/>
  <testcase name="| test@gmail.com | test |" classname="| test@gmail.com | test |" time="0.001"/>
</testsuite>